Solid Edge Translation to STL
Date: domingo,abril 14,2024 08:43
Source File:C:\Users\Usuario\Desktop\FING\5.1\materiales\Integrador\3D\Snowboard_flat_directional.par
Source System: SOLID EDGE

Hardware:
Processor: 13th Gen Intel(R) Core(TM) i7-13700H
Operating System: Windows 10
Installed Memory: 31,70 GB

Software Information:
Parasolid Version: 36.0.142
PSBodyshop Version: 36.0.108
STL Adapter Version: 13.0.193
Solid Edge Version: 224.00.00.101 x64

STL Export Options:
Output File Format:BINARY
Export Displayed Parts:Off
structureOption: Monolithic
Export Units:Millimeter
Export Tolerance Value:0,001000
Export Tolerance Type:Fine
Export Surface Plane Angle Value:0,523599

Translation progress:
Translation process completed
Time required to translate:00 : 00 : 00
